0 verbose cli C:\Program Files\nodejs\node.exe C:\Program Files\nodejs\node_modules\npm\bin\npm-cli.js
1 info using npm@11.6.2
2 info using node@v24.13.0
3 silly config load:file:C:\Program Files\nodejs\node_modules\npm\npmrc
4 silly config load:file:C:\Users\injec\Downloads\cbh-built-main\cbh-built-main\.npmrc
5 silly config load:file:C:\Users\injec\.npmrc
6 silly config load:file:C:\Users\injec\AppData\Roaming\npm\etc\npmrc
7 verbose title npm exec vercel login
8 verbose argv "exec" "--yes" "--" "vercel" "login"
9 verbose logfile logs-max:10 dir:C:\Users\injec\Downloads\cbh-built-main\cbh-built-main\.npm\_logs\2026-01-25T03_59_02_973Z-
10 verbose logfile C:\Users\injec\Downloads\cbh-built-main\cbh-built-main\.npm\_logs\2026-01-25T03_59_02_973Z-debug-0.log
11 silly logfile done cleaning log files
12 http fetch GET https://registry.npmjs.org/npm attempt 1 failed with ECONNREFUSED
13 silly packumentCache heap:2348810240 maxSize:587202560 maxEntrySize:293601280
14 verbose stack Error: request to https://registry.npmjs.org/vercel failed: cache mode is 'only-if-cached' but no cached response is available.
14 verbose stack     at cacheFetch (C:\Program Files\nodejs\node_modules\npm\node_modules\make-fetch-happen\lib\cache\index.js:12:13)
14 verbose stack     at async fetch (C:\Program Files\nodejs\node_modules\npm\node_modules\make-fetch-happen\lib\fetch.js:98:7)
14 verbose stack     at async RegistryFetcher.packument (C:\Program Files\nodejs\node_modules\npm\node_modules\pacote\lib\registry.js:90:19)
14 verbose stack     at async RegistryFetcher.manifest (C:\Program Files\nodejs\node_modules\npm\node_modules\pacote\lib\registry.js:128:23)
14 verbose stack     at async getManifest (C:\Program Files\nodejs\node_modules\npm\node_modules\libnpmexec\lib\index.js:29:22)
14 verbose stack     at async missingFromTree (C:\Program Files\nodejs\node_modules\npm\node_modules\libnpmexec\lib\index.js:64:22)
14 verbose stack     at async C:\Program Files\nodejs\node_modules\npm\node_modules\libnpmexec\lib\index.js:186:32
14 verbose stack     at async Promise.all (index 0)
14 verbose stack     at async exec (C:\Program Files\nodejs\node_modules\npm\node_modules\libnpmexec\lib\index.js:184:3)
14 verbose stack     at async Npm.exec (C:\Program Files\nodejs\node_modules\npm\lib\npm.js:208:9)
15 error code ENOTCACHED
16 error request to https://registry.npmjs.org/vercel failed: cache mode is 'only-if-cached' but no cached response is available.
17 verbose cwd C:\Users\injec\Downloads\cbh-built-main\cbh-built-main
18 verbose os Windows_NT 10.0.26200
19 verbose node v24.13.0
20 verbose npm  v11.6.2
21 verbose exit 1
22 verbose code 1
23 error A complete log of this run can be found in: C:\Users\injec\Downloads\cbh-built-main\cbh-built-main\.npm\_logs\2026-01-25T03_59_02_973Z-debug-0.log
